  pch.cpp
  Example.cpp
  GraphicComputerProject.cpp
  Generating Code...
Example.obj : error LNK2019: unresolved external symbol __imp_glClear referenced in function "public: void __cdecl Example::display(void)" (?display@Example@@QEAAXXZ)
GraphicComputerProject.obj : error LNK2001: unresolved external symbol __imp_glClear
Example.obj : error LNK2019: unresolved external symbol __imp_glPopMatrix referenced in function "public: void __cdecl Example::display(void)" (?display@Example@@QEAAXXZ)
GraphicComputerProject.obj : error LNK2001: unresolved external symbol __imp_glPopMatrix
Example.obj : error LNK2019: unresolved external symbol __imp_glPushMatrix referenced in function "public: void __cdecl Example::display(void)" (?display@Example@@QEAAXXZ)
GraphicComputerProject.obj : error LNK2001: unresolved external symbol __imp_glPushMatrix
Example.obj : error LNK2019: unresolved external symbol __imp_glRotatef referenced in function "public: void __cdecl Example::display(void)" (?display@Example@@QEAAXXZ)
GraphicComputerProject.obj : error LNK2001: unresolved external symbol __imp_glRotatef
Example.obj : error LNK2019: unresolved external symbol __imp_glScalef referenced in function "public: void __cdecl Example::display(void)" (?display@Example@@QEAAXXZ)
GraphicComputerProject.obj : error LNK2001: unresolved external symbol __imp_glScalef
Example.obj : error LNK2019: unresolved external symbol __imp_glTranslatef referenced in function "public: void __cdecl Example::display(void)" (?display@Example@@QEAAXXZ)
GraphicComputerProject.obj : error LNK2001: unresolved external symbol __imp_glTranslatef
Example.obj : error LNK2019: unresolved external symbol __imp_glutSwapBuffers referenced in function "public: void __cdecl Example::display(void)" (?display@Example@@QEAAXXZ)
GraphicComputerProject.obj : error LNK2001: unresolved external symbol __imp_glutSwapBuffers
Example.obj : error LNK2019: unresolved external symbol __imp_glutWireCube referenced in function "public: void __cdecl Example::display(void)" (?display@Example@@QEAAXXZ)
GraphicComputerProject.obj : error LNK2001: unresolved external symbol __imp_glutWireCube
GraphicComputerProject.obj : error LNK2019: unresolved external symbol __imp_glClearColor referenced in function "void __cdecl init(void)" (?init@@YAXXZ)
GraphicComputerProject.obj : error LNK2019: unresolved external symbol __imp_glLoadIdentity referenced in function "void __cdecl reshape(int,int)" (?reshape@@YAXHH@Z)
GraphicComputerProject.obj : error LNK2019: unresolved external symbol __imp_glMatrixMode referenced in function "void __cdecl reshape(int,int)" (?reshape@@YAXHH@Z)
GraphicComputerProject.obj : error LNK2019: unresolved external symbol __imp_glShadeModel referenced in function "void __cdecl init(void)" (?init@@YAXXZ)
GraphicComputerProject.obj : error LNK2019: unresolved external symbol __imp_glViewport referenced in function "void __cdecl reshape(int,int)" (?reshape@@YAXHH@Z)
GraphicComputerProject.obj : error LNK2019: unresolved external symbol gluPerspective referenced in function "void __cdecl reshape(int,int)" (?reshape@@YAXHH@Z)
GraphicComputerProject.obj : error LNK2019: unresolved external symbol __imp___glutInitWithExit referenced in function glutInit_ATEXIT_HACK
GraphicComputerProject.obj : error LNK2019: unresolved external symbol __imp_glutInitDisplayMode referenced in function main
GraphicComputerProject.obj : error LNK2019: unresolved external symbol __imp_glutInitWindowPosition referenced in function main
GraphicComputerProject.obj : error LNK2019: unresolved external symbol __imp_glutInitWindowSize referenced in function main
GraphicComputerProject.obj : error LNK2019: unresolved external symbol __imp_glutMainLoop referenced in function main
GraphicComputerProject.obj : error LNK2019: unresolved external symbol __imp___glutCreateWindowWithExit referenced in function glutCreateWindow_ATEXIT_HACK
GraphicComputerProject.obj : error LNK2019: unresolved external symbol __imp_glutPostRedisplay referenced in function "void __cdecl keyboard(unsigned char,int,int)" (?keyboard@@YAXEHH@Z)
GraphicComputerProject.obj : error LNK2019: unresolved external symbol __imp_glutDisplayFunc referenced in function main
GraphicComputerProject.obj : error LNK2019: unresolved external symbol __imp_glutReshapeFunc referenced in function main
GraphicComputerProject.obj : error LNK2019: unresolved external symbol __imp_glutKeyboardFunc referenced in function main
GraphicComputerProject.obj : error LNK2019: unresolved external symbol __imp_glutWireSphere referenced in function "void __cdecl display(void)" (?display@@YAXXZ)
C:\Users\mcarraschi\Desktop\GraphicComputer\Arquivos\Arquivos\Arquivos Visual C\lib\opengl32.lib : warning LNK4272: library machine type 'x86' conflicts with target machine type 'x64'
C:\Users\mcarraschi\Desktop\GraphicComputer\Arquivos\Arquivos\Arquivos Visual C\lib\glu32.lib : warning LNK4272: library machine type 'x86' conflicts with target machine type 'x64'
C:\Users\mcarraschi\Desktop\GraphicComputer\Arquivos\Arquivos\Arquivos Visual C\lib\glut32.lib : warning LNK4272: library machine type 'x86' conflicts with target machine type 'x64'
C:\Users\mcarraschi\Desktop\GraphicComputer\Projects\x64\Debug\GraphicComputerProject.exe : fatal error LNK1120: 25 unresolved externals
